<?xml version="1.0" encoding="UTF-8"?>
<testng-results ignored="0" total="1" passed="1" failed="0" skipped="0">
  <reporter-output>
  </reporter-output>
  <suite started-at="2025-12-02T12:39:49 IST" name="Default suite" finished-at="2025-12-02T12:39:59 IST" duration-ms="10756">
    <groups>
    </groups>
    <test started-at="2025-12-02T12:39:49 IST" name="Default test" finished-at="2025-12-02T12:39:59 IST" duration-ms="10756">
      <class name="tests.LoginTest">
        <test-method is-config="true" signature="setUp()[pri:0, instance:tests.LoginTest@51e69659]" started-at="2025-12-02T12:39:49 IST" name="setUp" finished-at="2025-12-02T12:39:51 IST" duration-ms="2104" status="PASS">
          <reporter-output>
          </reporter-output>
        </test-method> <!-- setUp -->
        <test-method signature="validLoginTest()[pri:0, instance:tests.LoginTest@51e69659]" started-at="2025-12-02T12:39:51 IST" name="validLoginTest" finished-at="2025-12-02T12:39:59 IST" duration-ms="8389" status="PASS">
          <reporter-output>
          </reporter-output>
        </test-method> <!-- validLoginTest -->
        <test-method is-config="true" signature="tearDown()[pri:0, instance:tests.LoginTest@51e69659]" started-at="2025-12-02T12:39:59 IST" name="tearDown" finished-at="2025-12-02T12:39:59 IST" duration-ms="235" status="PASS">
          <reporter-output>
          </reporter-output>
        </test-method> <!-- tearDown -->
      </class> <!-- tests.LoginTest -->
    </test> <!-- Default test -->
  </suite> <!-- Default suite -->
</testng-results>
